Using pre-set license
Built from '2021.1/staging' branch; Version is '2021.1.9f1 (7a790e367ab3) revision 8026382'; Using compiler version '192528614'; Build Type 'Release'
OS: 'Windows 10 Home; OS build 19043.1052; Version 2009; 64bit' Language: 'en' Physical Memory: 8140 MB
BatchMode: 1, IsHumanControllingUs: 0, StartBugReporterOnCrash: 0, Is64bit: 1, IsPro: 0

 COMMAND LINE ARGUMENTS:
C:\IMPORTANT\Unity\Unity\2021.1.9f1\Editor\Unity.exe
-adb2
-batchMode
-noUpm
-name
AssetImportWorker0
-projectPath
C:/IMPORTANT/Unity/Projects/2048/2048
-logFile
Logs/AssetImportWorker0.log
-srvPort
54879
Successfully changed project path to: C:/IMPORTANT/Unity/Projects/2048/2048
C:/IMPORTANT/Unity/Projects/2048/2048
Using Asset Import Pipeline V2.
Refreshing native plugins compatible for Editor in 122.97 ms, found 4 plugins.
Preloading 0 native plugins for Editor in 0.00 ms.
Initialize engine version: 2021.1.9f1 (7a790e367ab3)
[Subsystems] Discovering subsystems at path C:/IMPORTANT/Unity/Unity/2021.1.9f1/Editor/Data/Resources/UnitySubsystems
[Subsystems] Discovering subsystems at path C:/IMPORTANT/Unity/Projects/2048/2048/Assets
GfxDevice: creating device client; threaded=0; jobified=0
Direct3D:
    Version:  Direct3D 11.0 [level 11.1]
    Renderer: NVIDIA GeForce GTX 1650 SUPER (ID=0x2187)
    Vendor:   NVIDIA
    VRAM:     3955 MB
    Driver:   27.21.14.5671
Initialize mono
Mono path[0] = 'C:/IMPORTANT/Unity/Unity/2021.1.9f1/Editor/Data/Managed'
Mono path[1] = 'C:/IMPORTANT/Unity/Unity/2021.1.9f1/Editor/Data/MonoBleedingEdge/lib/mono/unityjit'
Mono config path = 'C:/IMPORTANT/Unity/Unity/2021.1.9f1/Editor/Data/MonoBleedingEdge/etc'
Using monoOptions --debugger-agent=transport=dt_socket,embedding=1,server=y,suspend=n,address=127.0.0.1:56192
Begin MonoManager ReloadAssembly
Registering precompiled unity dll's ...
Register platform support module: C:/IMPORTANT/Unity/Unity/2021.1.9f1/Editor/Data/PlaybackEngines/WindowsStandaloneSupport/UnityEditor.WindowsStandalone.Extensions.dll
Registered in 0.001790 seconds.
Native extension for WindowsStandalone target not found
Refreshing native plugins compatible for Editor in 118.00 ms, found 4 plugins.
Preloading 0 native plugins for Editor in 0.00 ms.
Mono: successfully reloaded assembly
- Completed reload, in  1.586 seconds
Domain Reload Profiling:
	ReloadAssembly (1586ms)
		BeginReloadAssembly (45ms)
			ExecutionOrderSort (0ms)
			DisableScriptedObjects (0ms)
			BackupInstance (0ms)
			ReleaseScriptingObjects (0ms)
			CreateAndSetChildDomain (1ms)
		EndReloadAssembly (465ms)
			LoadAssemblies (43ms)
			RebuildTransferFunctionScriptingTraits (0ms)
			SetupTypeCache (161ms)
			ReleaseScriptCaches (0ms)
			RebuildScriptCaches (26ms)
			SetupLoadedEditorAssemblies (234ms)
				LogAssemblyErrors (0ms)
				InitializePlatformSupportModulesInManaged (5ms)
				SetLoadedEditorAssemblies (0ms)
				RefreshPlugins (118ms)
				BeforeProcessingInitializeOnLoad (1ms)
				ProcessInitializeOnLoadAttributes (83ms)
				ProcessInitializeOnLoadMethodAttributes (25ms)
				AfterProcessingInitializeOnLoad (0ms)
				EditorAssembliesLoaded (0ms)
			ExecutionOrderSort2 (0ms)
			AwakeInstancesAfterBackupRestoration (0ms)
Platform modules already initialized, skipping
Registering precompiled user dll's ...
Registered in 0.006988 seconds.
Begin MonoManager ReloadAssembly
Symbol file LoadedFromMemory doesn't match image C:\IMPORTANT\Unity\Projects\2048\2048\Library\PackageCache\com.unity.visualscripting@1.6.1\Editor\VisualScripting.Core\Dependencies\DotNetZip\Unity.VisualScripting.IonicZip.dll
Symbol file LoadedFromMemory doesn't match image C:\IMPORTANT\Unity\Projects\2048\2048\Library\PackageCache\com.unity.visualscripting@1.6.1\Editor\VisualScripting.Core\Dependencies\YamlDotNet\Unity.VisualScripting.YamlDotNet.dll
Native extension for WindowsStandalone target not found
Refreshing native plugins compatible for Editor in 118.35 ms, found 4 plugins.
Preloading 0 native plugins for Editor in 0.00 ms.
Mono: successfully reloaded assembly
- Completed reload, in  1.272 seconds
Domain Reload Profiling:
	ReloadAssembly (1272ms)
		BeginReloadAssembly (130ms)
			ExecutionOrderSort (0ms)
			DisableScriptedObjects (4ms)
			BackupInstance (0ms)
			ReleaseScriptingObjects (0ms)
			CreateAndSetChildDomain (19ms)
		EndReloadAssembly (1086ms)
			LoadAssemblies (85ms)
			RebuildTransferFunctionScriptingTraits (0ms)
			SetupTypeCache (352ms)
			ReleaseScriptCaches (1ms)
			RebuildScriptCaches (54ms)
			SetupLoadedEditorAssemblies (501ms)
				LogAssemblyErrors (0ms)
				InitializePlatformSupportModulesInManaged (3ms)
				SetLoadedEditorAssemblies (0ms)
				RefreshPlugins (118ms)
				BeforeProcessingInitializeOnLoad (97ms)
				ProcessInitializeOnLoadAttributes (224ms)
				ProcessInitializeOnLoadMethodAttributes (52ms)
				AfterProcessingInitializeOnLoad (6ms)
				EditorAssembliesLoaded (0ms)
			ExecutionOrderSort2 (0ms)
			AwakeInstancesAfterBackupRestoration (5ms)
Platform modules already initialized, skipping
========================================================================
Worker process is ready to serve import requests
Launched and connected shader compiler UnityShaderCompiler.exe after 0.03 seconds
Refreshing native plugins compatible for Editor in 1.29 ms, found 4 plugins.
Preloading 0 native plugins for Editor in 0.00 ms.
Unloading 4237 Unused Serialized files (Serialized files now loaded: 0)
System memory in use before: 153.6 MB.
System memory in use after: 153.7 MB.

Unloading 73 unused Assets to reduce memory usage. Loaded Objects now: 4648.
Total: 6.504500 ms (FindLiveObjects: 0.384200 ms CreateObjectMapping: 0.113400 ms MarkObjects: 5.832000 ms  DeleteObjects: 0.173500 ms)

AssetImportParameters requested are different than current active one (requested -> active):
  custom:framework-win-MediaFoundation: 216162199b28c13a410421893ffa2e32 -> 
  custom:video-decoder-ogg-theora: a1e56fd34408186e4bbccfd4996cb3dc -> 
  custom:container-muxer-webm: aa71ff27fc2769a1b78a27578f13a17b -> 
  custom:container-demuxer-webm: 4f35f7cbe854078d1ac9338744f61a02 -> 
  custom:container-demuxer-ogg: 62fdf1f143b41e24485cea50d1cbac27 -> 
  custom:video-encoder-webm-vp8: eb34c28f22e8b96e1ab97ce403110664 -> 
  custom:video-decoder-webm-vp8: 9c59270c3fd7afecdb556c50c9e8de78 -> 
  custom:audio-decoder-ogg-vorbis: bf7c407c2cedff20999df2af8eb42d56 -> 
  custom:audio-encoder-webm-vorbis: bf7c407c2cedff20999df2af8eb42d56 -> 
========================================================================
Received Import Request.
  path: Assets/imgbin_2048-azeri-2048-ad-free-logo-game-portable-network-graphics-png.png
  artifactKey: Guid(8cfe36fb6044d8346a571667cd071325) Importer(815301076,1909f56bfc062723c751e8b465ee728b)
Start importing Assets/imgbin_2048-azeri-2048-ad-free-logo-game-portable-network-graphics-png.png using Guid(8cfe36fb6044d8346a571667cd071325) Importer(815301076,1909f56bfc062723c751e8b465ee728b)  -> (artifact id: '5c0d8c6c07c4742031e5fa5b0f97098c') in 0.120003 seconds 
========================================================================
Received Import Request.
  Time since last request: 1.374223 seconds.
  path: Assets/Modern UI Pack/Textures/Shadow/Horizontal Shadow.png
  artifactKey: Guid(390f1c7c5c2f9714d8458c01651acdcf) Importer(815301076,1909f56bfc062723c751e8b465ee728b)
Start importing Assets/Modern UI Pack/Textures/Shadow/Horizontal Shadow.png using Guid(390f1c7c5c2f9714d8458c01651acdcf) Importer(815301076,1909f56bfc062723c751e8b465ee728b)  -> (artifact id: '9d67384f293c87829acc5728087d46d0') in 0.019131 seconds 
========================================================================
Received Import Request.
  Time since last request: 0.000177 seconds.
  path: Assets/Modern UI Pack/Editor/Icons/HS Header.png
  artifactKey: Guid(1d50f0545bfd1304eace331e06cb2cc2) Importer(815301076,1909f56bfc062723c751e8b465ee728b)
Start importing Assets/Modern UI Pack/Editor/Icons/HS Header.png using Guid(1d50f0545bfd1304eace331e06cb2cc2) Importer(815301076,1909f56bfc062723c751e8b465ee728b)  -> (artifact id: 'a9bb03b38151dde54a44f37c8dbdeb27') in 0.017767 seconds 
========================================================================
Received Import Request.
  Time since last request: 0.000251 seconds.
  path: Assets/Modern UI Pack/Textures/Demo/Icons/Input Field.png
  artifactKey: Guid(d52fb1ddf8c4ae148b539f04e9e1da65) Importer(815301076,1909f56bfc062723c751e8b465ee728b)
Start importing Assets/Modern UI Pack/Textures/Demo/Icons/Input Field.png using Guid(d52fb1ddf8c4ae148b539f04e9e1da65) Importer(815301076,1909f56bfc062723c751e8b465ee728b)  -> (artifact id: 'bd7178e0a61e3b434c4da8b920e8ddb3') in 0.020217 seconds 
========================================================================
Received Import Request.
  Time since last request: 0.191396 seconds.
  path: Assets/Modern UI Pack/Textures/Demo/Icons/Input Field Filled.png
  artifactKey: Guid(92cf75296be5d5442b59341089f8f88e) Importer(815301076,1909f56bfc062723c751e8b465ee728b)
Start importing Assets/Modern UI Pack/Textures/Demo/Icons/Input Field Filled.png using Guid(92cf75296be5d5442b59341089f8f88e) Importer(815301076,1909f56bfc062723c751e8b465ee728b)  -> (artifact id: '40f918d24565d5040699d3c7f296347f') in 0.015852 seconds 
========================================================================
Received Import Request.
  Time since last request: 0.000168 seconds.
  path: Assets/Modern UI Pack/Textures/Icon/Communication & Social/Instagram.png
  artifactKey: Guid(3d3f575454863be41b91df501a5466e7) Importer(815301076,1909f56bfc062723c751e8b465ee728b)
Start importing Assets/Modern UI Pack/Textures/Icon/Communication & Social/Instagram.png using Guid(3d3f575454863be41b91df501a5466e7) Importer(815301076,1909f56bfc062723c751e8b465ee728b)  -> (artifact id: '479031b33c63e1d39b391d5935064356') in 0.017871 seconds 
========================================================================
Received Import Request.
  Time since last request: 0.000168 seconds.
  path: Assets/Modern UI Pack/Textures/Icon/Common/Lamp.png
  artifactKey: Guid(6ca804909faea644aa355ec5c5a9e1ba) Importer(815301076,1909f56bfc062723c751e8b465ee728b)
Start importing Assets/Modern UI Pack/Textures/Icon/Common/Lamp.png using Guid(6ca804909faea644aa355ec5c5a9e1ba) Importer(815301076,1909f56bfc062723c751e8b465ee728b)  -> (artifact id: '4bac9f90e1ace427c880d62856247b1f') in 0.019713 seconds 
========================================================================
Received Import Request.
  Time since last request: 0.000159 seconds.
  path: Assets/Modern UI Pack/Textures/Icon/Communication & Social/Message Filled.png
  artifactKey: Guid(3ced7172b98225d42afca1f2351860f2) Importer(815301076,1909f56bfc062723c751e8b465ee728b)
Start importing Assets/Modern UI Pack/Textures/Icon/Communication & Social/Message Filled.png using Guid(3ced7172b98225d42afca1f2351860f2) Importer(815301076,1909f56bfc062723c751e8b465ee728b)  -> (artifact id: '12b5c51812c23e6c12673ab09e3cab2a') in 0.018239 seconds 
========================================================================
Received Import Request.
  Time since last request: 0.000168 seconds.
  path: Assets/Modern UI Pack/Textures/Demo/Icons/Movable Window Filled.png
  artifactKey: Guid(ddfc95cfe6f5e2a43b984cac708b85e6) Importer(815301076,1909f56bfc062723c751e8b465ee728b)
Start importing Assets/Modern UI Pack/Textures/Demo/Icons/Movable Window Filled.png using Guid(ddfc95cfe6f5e2a43b984cac708b85e6) Importer(815301076,1909f56bfc062723c751e8b465ee728b)  -> (artifact id: '94d34e1206eaf24ca530f540ab8682d8') in 0.016865 seconds 
========================================================================
Received Import Request.
  Time since last request: 0.000167 seconds.
  path: Assets/Modern UI Pack/Textures/Demo/MUIP.png
  artifactKey: Guid(80446df71d1bfe347bdaf2832170a76a) Importer(815301076,1909f56bfc062723c751e8b465ee728b)
Start importing Assets/Modern UI Pack/Textures/Demo/MUIP.png using Guid(80446df71d1bfe347bdaf2832170a76a) Importer(815301076,1909f56bfc062723c751e8b465ee728b)  -> (artifact id: 'e434c1ca8ae3e22c67fa9b6d8ca19e7a') in 0.019429 seconds 
========================================================================
Received Import Request.
  Time since last request: 0.000187 seconds.
  path: Assets/Modern UI Pack/Textures/Border/Others/Modal Tab Button.png
  artifactKey: Guid(def0b999bf90eaf48ad972dc8f98df24) Importer(815301076,1909f56bfc062723c751e8b465ee728b)
Start importing Assets/Modern UI Pack/Textures/Border/Others/Modal Tab Button.png using Guid(def0b999bf90eaf48ad972dc8f98df24) Importer(815301076,1909f56bfc062723c751e8b465ee728b)  -> (artifact id: '4b0493b58155868e2f58121a9624c899') in 0.018424 seconds 
========================================================================
Received Import Request.
  Time since last request: 0.000166 seconds.
  path: Assets/Modern UI Pack/Textures/Icon/Media/Mic.png
  artifactKey: Guid(66bf9157a68771e4a82bdfe968f08212) Importer(815301076,1909f56bfc062723c751e8b465ee728b)
Start importing Assets/Modern UI Pack/Textures/Icon/Media/Mic.png using Guid(66bf9157a68771e4a82bdfe968f08212) Importer(815301076,1909f56bfc062723c751e8b465ee728b)  -> (artifact id: '89452cffdb5f04abdd32f2f872b9b3ed') in 0.018906 seconds 
========================================================================
Received Import Request.
  Time since last request: 0.000206 seconds.
  path: Assets/Modern UI Pack/Textures/Icon/Communication & Social/Message Empty.png
  artifactKey: Guid(b9d543078a3680345adc248301c8f521) Importer(815301076,1909f56bfc062723c751e8b465ee728b)
Start importing Assets/Modern UI Pack/Textures/Icon/Communication & Social/Message Empty.png using Guid(b9d543078a3680345adc248301c8f521) Importer(815301076,1909f56bfc062723c751e8b465ee728b)  -> (artifact id: '120f71ca9e7664658c9a5510bc242fb5') in 0.018264 seconds 
========================================================================
Received Import Request.
  Time since last request: 0.000125 seconds.
  path: Assets/Modern UI Pack/Textures/Icon/Reward/Medal.png
  artifactKey: Guid(038ccab8cd184d04cb1bfa1d79704320) Importer(815301076,1909f56bfc062723c751e8b465ee728b)
Start importing Assets/Modern UI Pack/Textures/Icon/Reward/Medal.png using Guid(038ccab8cd184d04cb1bfa1d79704320) Importer(815301076,1909f56bfc062723c751e8b465ee728b)  -> (artifact id: '4335c87c424f89c30deec07ce3a28769') in 0.018738 seconds 
========================================================================
Received Import Request.
  Time since last request: 0.000118 seconds.
  path: Assets/Modern UI Pack/Textures/Demo/Icons/Notification.png
  artifactKey: Guid(00d9b67bc76841443b6966a1a5b465d7) Importer(815301076,1909f56bfc062723c751e8b465ee728b)
Start importing Assets/Modern UI Pack/Textures/Demo/Icons/Notification.png using Guid(00d9b67bc76841443b6966a1a5b465d7) Importer(815301076,1909f56bfc062723c751e8b465ee728b)  -> (artifact id: '6e2908bc1d9edec94e8b91c6f8b017c0') in 0.016661 seconds 
========================================================================
Received Import Request.
  Time since last request: 0.000150 seconds.
  path: Assets/Modern UI Pack/Textures/Demo/Icons/Movable Window.png
  artifactKey: Guid(73c7c456a5c819f4ab7a23f726b6c956) Importer(815301076,1909f56bfc062723c751e8b465ee728b)
Start importing Assets/Modern UI Pack/Textures/Demo/Icons/Movable Window.png using Guid(73c7c456a5c819f4ab7a23f726b6c956) Importer(815301076,1909f56bfc062723c751e8b465ee728b)  -> (artifact id: 'c9e7ec745c04d457eac423cfbbcddc61') in 0.016656 seconds 
========================================================================
Received Import Request.
  Time since last request: 0.000162 seconds.
  path: Assets/TextMesh Pro/Resources/Fonts & Materials/LiberationSans SDF - Fallback.asset
  artifactKey: Guid(2e498d1c8094910479dc3e1b768306a4) Importer(815301076,1909f56bfc062723c751e8b465ee728b)
Start importing Assets/TextMesh Pro/Resources/Fonts & Materials/LiberationSans SDF - Fallback.asset using Guid(2e498d1c8094910479dc3e1b768306a4) Importer(815301076,1909f56bfc062723c751e8b465ee728b)  -> (artifact id: '98282b665da1c292ffd0307be805d5a4') in 0.057943 seconds 
========================================================================
Received Import Request.
  Time since last request: 0.000179 seconds.
  path: Assets/Modern UI Pack/Textures/Demo/MUIP Big.png
  artifactKey: Guid(46f64b3ded478fa408af4eeb374bcfd2) Importer(815301076,1909f56bfc062723c751e8b465ee728b)
Start importing Assets/Modern UI Pack/Textures/Demo/MUIP Big.png using Guid(46f64b3ded478fa408af4eeb374bcfd2) Importer(815301076,1909f56bfc062723c751e8b465ee728b)  -> (artifact id: '461e70f7a5cabd4d4d3d335eea9c3ea3') in 0.016696 seconds 
========================================================================
Received Import Request.
  Time since last request: 0.000162 seconds.
  path: Assets/Modern UI Pack/Textures/Icon/Map/Map.png
  artifactKey: Guid(4b307c9f1eae5644a865e61b227b969e) Importer(815301076,1909f56bfc062723c751e8b465ee728b)
Start importing Assets/Modern UI Pack/Textures/Icon/Map/Map.png using Guid(4b307c9f1eae5644a865e61b227b969e) Importer(815301076,1909f56bfc062723c751e8b465ee728b)  -> (artifact id: '6a667c83856d81ee3d2731fa564602b9') in 0.018741 seconds 
========================================================================
Received Import Request.
  Time since last request: 0.000140 seconds.
  path: Assets/Modern UI Pack/Textures/Demo/Icons/Notification Filled.png
  artifactKey: Guid(fe3bc1cc05fbcf749a45c5d2abb5c5ed) Importer(815301076,1909f56bfc062723c751e8b465ee728b)
Start importing Assets/Modern UI Pack/Textures/Demo/Icons/Notification Filled.png using Guid(fe3bc1cc05fbcf749a45c5d2abb5c5ed) Importer(815301076,1909f56bfc062723c751e8b465ee728b)  -> (artifact id: 'cf975983d007ef7c842ca1c63b935b17') in 0.016642 seconds 
========================================================================
Received Import Request.
  Time since last request: 0.000148 seconds.
  path: Assets/Modern UI Pack/Fonts/OpenSans-ExtraBoldItalic SDF.asset
  artifactKey: Guid(e4041c94a2181b243bd1912946bfbe63) Importer(815301076,1909f56bfc062723c751e8b465ee728b)
Start importing Assets/Modern UI Pack/Fonts/OpenSans-ExtraBoldItalic SDF.asset using Guid(e4041c94a2181b243bd1912946bfbe63) Importer(815301076,1909f56bfc062723c751e8b465ee728b)  -> (artifact id: '49c8e41590475fda384f0bc2a8754831') in 0.025551 seconds 
========================================================================
Received Import Request.
  Time since last request: 0.000145 seconds.
  path: Assets/Modern UI Pack/Fonts/OpenSans-BoldItalic SDF.asset
  artifactKey: Guid(b03b7a4c74cd6294ca732f49684716ee) Importer(815301076,1909f56bfc062723c751e8b465ee728b)
Start importing Assets/Modern UI Pack/Fonts/OpenSans-BoldItalic SDF.asset using Guid(b03b7a4c74cd6294ca732f49684716ee) Importer(815301076,1909f56bfc062723c751e8b465ee728b)  -> (artifact id: 'e0c7d24bb785c2677886081b6b91b33c') in 0.029612 seconds 
========================================================================
Received Import Request.
  Time since last request: 0.000150 seconds.
  path: Assets/Modern UI Pack/Editor/Icons/PC Header.png
  artifactKey: Guid(095ca9ba0ed75e2449f0ee96357d431f) Importer(815301076,1909f56bfc062723c751e8b465ee728b)
Start importing Assets/Modern UI Pack/Editor/Icons/PC Header.png using Guid(095ca9ba0ed75e2449f0ee96357d431f) Importer(815301076,1909f56bfc062723c751e8b465ee728b)  -> (artifact id: '069bf85cca221505eeb357d6fd89d861') in 0.013941 seconds 
========================================================================
Received Import Request.
  Time since last request: 0.000159 seconds.
  path: Assets/Modern UI Pack/Fonts/OpenSans-Italic SDF.asset
  artifactKey: Guid(ff92caddbdea54743a04dda78cc41035) Importer(815301076,1909f56bfc062723c751e8b465ee728b)
Start importing Assets/Modern UI Pack/Fonts/OpenSans-Italic SDF.asset using Guid(ff92caddbdea54743a04dda78cc41035) Importer(815301076,1909f56bfc062723c751e8b465ee728b)  -> (artifact id: '68c4547afc1c22b2446ac7ed19a2c5c8') in 0.033129 seconds 
========================================================================
Received Import Request.
  Time since last request: 0.000173 seconds.
  path: Assets/Modern UI Pack/Fonts/OpenSans-Regular SDF.asset
  artifactKey: Guid(4bd810f1cbcb0f446a8f5a31453e243f) Importer(815301076,1909f56bfc062723c751e8b465ee728b)
Start importing Assets/Modern UI Pack/Fonts/OpenSans-Regular SDF.asset using Guid(4bd810f1cbcb0f446a8f5a31453e243f) Importer(815301076,1909f56bfc062723c751e8b465ee728b)  -> (artifact id: '40ff14ad512e66eebdec6f4a52e8863e') in 0.037353 seconds 
========================================================================
Received Import Request.
  Time since last request: 0.000155 seconds.
  path: Assets/Modern UI Pack/Fonts/OpenSans-Light SDF.asset
  artifactKey: Guid(2f17e8bb3967fe14093d5fec798fffd9) Importer(815301076,1909f56bfc062723c751e8b465ee728b)
Start importing Assets/Modern UI Pack/Fonts/OpenSans-Light SDF.asset using Guid(2f17e8bb3967fe14093d5fec798fffd9) Importer(815301076,1909f56bfc062723c751e8b465ee728b)  -> (artifact id: 'efe3f643ddf268fdc8dccbb1ddd7e5e9') in 0.043965 seconds 
========================================================================
Received Import Request.
  Time since last request: 0.000174 seconds.
  path: Assets/Modern UI Pack/Textures/Icon/Media/Play.png
  artifactKey: Guid(2f2ed1a167dc67349a42cb44a3d9b115) Importer(815301076,1909f56bfc062723c751e8b465ee728b)
Start importing Assets/Modern UI Pack/Textures/Icon/Media/Play.png using Guid(2f2ed1a167dc67349a42cb44a3d9b115) Importer(815301076,1909f56bfc062723c751e8b465ee728b)  -> (artifact id: '4bdc1631789f3b52f9b66c018ecd140a') in 0.020274 seconds 
========================================================================
Received Import Request.
  Time since last request: 0.000202 seconds.
  path: Assets/Modern UI Pack/Textures/Demo/Icons/Progress Bar.png
  artifactKey: Guid(ffce15479b5de65489593ffacb3a15f7) Importer(815301076,1909f56bfc062723c751e8b465ee728b)
Start importing Assets/Modern UI Pack/Textures/Demo/Icons/Progress Bar.png using Guid(ffce15479b5de65489593ffacb3a15f7) Importer(815301076,1909f56bfc062723c751e8b465ee728b)  -> (artifact id: '199fc30038500f0c3d2ece4f7d1a07d2') in 0.017107 seconds 
========================================================================
Received Import Request.
  Time since last request: 0.000153 seconds.
  path: Assets/Modern UI Pack/Textures/Border/Radial/128px/Radial Filled 128px.png
  artifactKey: Guid(d25e2ce15dd1c67438e4b70f404fb197) Importer(815301076,1909f56bfc062723c751e8b465ee728b)
Start importing Assets/Modern UI Pack/Textures/Border/Radial/128px/Radial Filled 128px.png using Guid(d25e2ce15dd1c67438e4b70f404fb197) Importer(815301076,1909f56bfc062723c751e8b465ee728b)  -> (artifact id: '86d845819c785bb794f6bdbefa2be5ee') in 0.011688 seconds 
========================================================================
Received Import Request.
  Time since last request: 0.000187 seconds.
  path: Assets/Modern UI Pack/Editor/Icons/Notification Header.png
  artifactKey: Guid(4d392c02f8f90174a9392ac2fe362adb) Importer(815301076,1909f56bfc062723c751e8b465ee728b)
Start importing Assets/Modern UI Pack/Editor/Icons/Notification Header.png using Guid(4d392c02f8f90174a9392ac2fe362adb) Importer(815301076,1909f56bfc062723c751e8b465ee728b)  -> (artifact id: 'b2bba79743be6862e8eba680bc011248') in 0.015513 seconds 
========================================================================
Received Import Request.
  Time since last request: 0.000159 seconds.
  path: Assets/Modern UI Pack/Textures/Border/Radial/64px/Radial Filled 64px.png
  artifactKey: Guid(d58c56a572b8c424b977292054ceb745) Importer(815301076,1909f56bfc062723c751e8b465ee728b)
Start importing Assets/Modern UI Pack/Textures/Border/Radial/64px/Radial Filled 64px.png using Guid(d58c56a572b8c424b977292054ceb745) Importer(815301076,1909f56bfc062723c751e8b465ee728b)  -> (artifact id: 'e0f00d70d1453ce1a61b8e5bf4a4d60a') in 0.018026 seconds 
========================================================================
Received Import Request.
  Time since last request: 0.000145 seconds.
  path: Assets/Modern UI Pack/Fonts/OpenSans-ExtraBold SDF.asset
  artifactKey: Guid(ca60657c190bc8c4e89dfb3e23d76209) Importer(815301076,1909f56bfc062723c751e8b465ee728b)
Start importing Assets/Modern UI Pack/Fonts/OpenSans-ExtraBold SDF.asset using Guid(ca60657c190bc8c4e89dfb3e23d76209) Importer(815301076,1909f56bfc062723c751e8b465ee728b)  -> (artifact id: '1f9568c677d4506f7616cd512bda86f3') in 0.022342 seconds 
========================================================================
Received Import Request.
  Time since last request: 0.000121 seconds.
  path: Assets/TextMesh Pro/Resources/Fonts & Materials/LiberationSans SDF.asset
  artifactKey: Guid(8f586378b4e144a9851e7b34d9b748ee) Importer(815301076,1909f56bfc062723c751e8b465ee728b)
Start importing Assets/TextMesh Pro/Resources/Fonts & Materials/LiberationSans SDF.asset using Guid(8f586378b4e144a9851e7b34d9b748ee) Importer(815301076,1909f56bfc062723c751e8b465ee728b)  -> (artifact id: '448cf5b57cdbb46c28cfd79148cdfe89') in 0.018500 seconds 
========================================================================
Received Import Request.
  Time since last request: 0.000330 seconds.
  path: Assets/Modern UI Pack/Textures/Icon/Navigation/Minus.png
  artifactKey: Guid(9964955250a501b49ad0d9df1c632e82) Importer(815301076,1909f56bfc062723c751e8b465ee728b)
Start importing Assets/Modern UI Pack/Textures/Icon/Navigation/Minus.png using Guid(9964955250a501b49ad0d9df1c632e82) Importer(815301076,1909f56bfc062723c751e8b465ee728b)  -> (artifact id: 'fa913c934affbc3e75f8561a32d5cb83') in 0.019563 seconds 
========================================================================
Received Import Request.
  Time since last request: 0.000151 seconds.
  path: Assets/Modern UI Pack/Textures/Icon/Communication & Social/Message.png
  artifactKey: Guid(f4bd70bd7d1d65a448438dc918ac4cec) Importer(815301076,1909f56bfc062723c751e8b465ee728b)
Start importing Assets/Modern UI Pack/Textures/Icon/Communication & Social/Message.png using Guid(f4bd70bd7d1d65a448438dc918ac4cec) Importer(815301076,1909f56bfc062723c751e8b465ee728b)  -> (artifact id: 'e39a87dc093fbe9c80a4d3867a44e0f9') in 0.017612 seconds 
========================================================================
Received Import Request.
  Time since last request: 0.000155 seconds.
  path: Assets/Modern UI Pack/Textures/Icon/Navigation/Panel Seperator.png
  artifactKey: Guid(8a29ea69779d0a84b9d1f6aeffcf9069) Importer(815301076,1909f56bfc062723c751e8b465ee728b)
Start importing Assets/Modern UI Pack/Textures/Icon/Navigation/Panel Seperator.png using Guid(8a29ea69779d0a84b9d1f6aeffcf9069) Importer(815301076,1909f56bfc062723c751e8b465ee728b)  -> (artifact id: '4412e08997fd6bb4ecac59d94c8a31c7') in 0.016782 seconds 
========================================================================
Received Import Request.
  Time since last request: 0.000163 seconds.
  path: Assets/Modern UI Pack/Textures/Demo/Icons/Modal Window Filled.png
  artifactKey: Guid(3603e158dd7d30c4a8592378c7b346ac) Importer(815301076,1909f56bfc062723c751e8b465ee728b)
Start importing Assets/Modern UI Pack/Textures/Demo/Icons/Modal Window Filled.png using Guid(3603e158dd7d30c4a8592378c7b346ac) Importer(815301076,1909f56bfc062723c751e8b465ee728b)  -> (artifact id: '22a83076c7681e23692c23f0c646314d') in 0.016690 seconds 
========================================================================
Received Import Request.
  Time since last request: 0.000153 seconds.
  path: Assets/Modern UI Pack/Textures/Icon/Others/Animation Icon Stuff/Lock Top.png
  artifactKey: Guid(5a63e931255ab3043a9aec2a315b323f) Importer(815301076,1909f56bfc062723c751e8b465ee728b)
Start importing Assets/Modern UI Pack/Textures/Icon/Others/Animation Icon Stuff/Lock Top.png using Guid(5a63e931255ab3043a9aec2a315b323f) Importer(815301076,1909f56bfc062723c751e8b465ee728b)  -> (artifact id: 'ee5688ef62e71cd0a3c1a102c7d709ab') in 0.018094 seconds 
========================================================================
Received Import Request.
  Time since last request: 0.000135 seconds.
  path: Assets/Modern UI Pack/Textures/Icon/Media/Music.png
  artifactKey: Guid(3881a589da314734096a8ebe09c4e236) Importer(815301076,1909f56bfc062723c751e8b465ee728b)
Start importing Assets/Modern UI Pack/Textures/Icon/Media/Music.png using Guid(3881a589da314734096a8ebe09c4e236) Importer(815301076,1909f56bfc062723c751e8b465ee728b)  -> (artifact id: 'a9a230abb0c8c635116830c1b95178e0') in 0.017400 seconds 
========================================================================
Received Import Request.
  Time since last request: 0.000117 seconds.
  path: Assets/Modern UI Pack/Fonts/OpenSans-SemiboldItalic SDF.asset
  artifactKey: Guid(e5fa6cba27f1b7a47838db200baa1556) Importer(815301076,1909f56bfc062723c751e8b465ee728b)
Start importing Assets/Modern UI Pack/Fonts/OpenSans-SemiboldItalic SDF.asset using Guid(e5fa6cba27f1b7a47838db200baa1556) Importer(815301076,1909f56bfc062723c751e8b465ee728b)  -> (artifact id: '1451ffae10c6288ffb23b2bf2482319e') in 0.025962 seconds 
========================================================================
Received Import Request.
  Time since last request: 0.000165 seconds.
  path: Assets/Modern UI Pack/Fonts/OpenSans-LightItalic SDF.asset
  artifactKey: Guid(d10d3fbe67cb68d41930a013bc4e2e43) Importer(815301076,1909f56bfc062723c751e8b465ee728b)
Start importing Assets/Modern UI Pack/Fonts/OpenSans-LightItalic SDF.asset using Guid(d10d3fbe67cb68d41930a013bc4e2e43) Importer(815301076,1909f56bfc062723c751e8b465ee728b)  -> (artifact id: '725072bf98d76d869171f23e8c389ce4') in 0.029896 seconds 
========================================================================
Received Import Request.
  Time since last request: 0.000143 seconds.
  path: Assets/Modern UI Pack/Textures/Demo/Icons/Progress Bar Filled.png
  artifactKey: Guid(d6c3349e1629c584bb07bb4a69fa8537) Importer(815301076,1909f56bfc062723c751e8b465ee728b)
Start importing Assets/Modern UI Pack/Textures/Demo/Icons/Progress Bar Filled.png using Guid(d6c3349e1629c584bb07bb4a69fa8537) Importer(815301076,1909f56bfc062723c751e8b465ee728b)  -> (artifact id: '76882c5f61fac8bdce6c3da0a43c8ec4') in 0.014931 seconds 
========================================================================
Received Import Request.
  Time since last request: 0.000145 seconds.
  path: Assets/Modern UI Pack/Textures/Icon/Navigation/Power.png
  artifactKey: Guid(a8cc5f0db692cb24db144d85c01b6838) Importer(815301076,1909f56bfc062723c751e8b465ee728b)
Start importing Assets/Modern UI Pack/Textures/Icon/Navigation/Power.png using Guid(a8cc5f0db692cb24db144d85c01b6838) Importer(815301076,1909f56bfc062723c751e8b465ee728b)  -> (artifact id: 'e30030278d17e3e3ecf5f717d3ba4ddb') in 0.018699 seconds 
========================================================================
Received Import Request.
  Time since last request: 0.000150 seconds.
  path: Assets/Modern UI Pack/Fonts/OpenSans-Semibold SDF.asset
  artifactKey: Guid(84dd14695854bbc43a5faa24fcf93d0d) Importer(815301076,1909f56bfc062723c751e8b465ee728b)
Start importing Assets/Modern UI Pack/Fonts/OpenSans-Semibold SDF.asset using Guid(84dd14695854bbc43a5faa24fcf93d0d) Importer(815301076,1909f56bfc062723c751e8b465ee728b)  -> (artifact id: 'eaf0472bde3681707bae660cdd27a260') in 0.034639 seconds 
========================================================================
Received Import Request.
  Time since last request: 0.000174 seconds.
  path: Assets/Modern UI Pack/Fonts/OpenSans-Bold SDF.asset
  artifactKey: Guid(fa328c1ae3ffb6b4583cf371153b0be6) Importer(815301076,1909f56bfc062723c751e8b465ee728b)
Start importing Assets/Modern UI Pack/Fonts/OpenSans-Bold SDF.asset using Guid(fa328c1ae3ffb6b4583cf371153b0be6) Importer(815301076,1909f56bfc062723c751e8b465ee728b)  -> (artifact id: '7b4c00d96b092a645a6ff221a80536ae') in 0.027870 seconds 
========================================================================
Received Import Request.
  Time since last request: 0.000184 seconds.
  path: Assets/Modern UI Pack/Textures/Icon/Media/Photo.png
  artifactKey: Guid(27f889dcba1d16e4382107e471321a38) Importer(815301076,1909f56bfc062723c751e8b465ee728b)
Start importing Assets/Modern UI Pack/Textures/Icon/Media/Photo.png using Guid(27f889dcba1d16e4382107e471321a38) Importer(815301076,1909f56bfc062723c751e8b465ee728b)  -> (artifact id: 'e32393b9e5cccc21cc7f727da42e8907') in 0.019243 seconds 
========================================================================
Received Import Request.
  Time since last request: 0.000167 seconds.
  path: Assets/Modern UI Pack/Editor/Icons/MW Header.png
  artifactKey: Guid(5abb6844c7b16194d8f1fa254deb72b8) Importer(815301076,1909f56bfc062723c751e8b465ee728b)
Start importing Assets/Modern UI Pack/Editor/Icons/MW Header.png using Guid(5abb6844c7b16194d8f1fa254deb72b8) Importer(815301076,1909f56bfc062723c751e8b465ee728b)  -> (artifact id: 'ac75626b2ca08796fada6c7d4b75a9d6') in 0.017419 seconds 
========================================================================
Received Import Request.
  Time since last request: 0.000195 seconds.
  path: Assets/Modern UI Pack/Textures/Border/Radial/32px/Radial Filled 32px.png
  artifactKey: Guid(f9767404d707fab4398db2425e8badd3) Importer(815301076,1909f56bfc062723c751e8b465ee728b)
Start importing Assets/Modern UI Pack/Textures/Border/Radial/32px/Radial Filled 32px.png using Guid(f9767404d707fab4398db2425e8badd3) Importer(815301076,1909f56bfc062723c751e8b465ee728b)  -> (artifact id: 'a8269316a0656a72d6e6d1ab12e97a3a') in 0.017354 seconds 
========================================================================
Received Import Request.
  Time since last request: 0.000132 seconds.
  path: Packages/com.unity.purchasing/Icons/LinkWhite.png
  artifactKey: Guid(e679a29ca22bc4fa0bd848bd79a42b79) Importer(815301076,1909f56bfc062723c751e8b465ee728b)
Start importing Packages/com.unity.purchasing/Icons/LinkWhite.png using Guid(e679a29ca22bc4fa0bd848bd79a42b79) Importer(815301076,1909f56bfc062723c751e8b465ee728b)  -> (artifact id: '46d2e05a3d064fde433d212444ce1827') in 0.015194 seconds 
========================================================================
Received Import Request.
  Time since last request: 0.000177 seconds.
  path: Assets/Modern UI Pack/Textures/Icon/Device/Phone.png
  artifactKey: Guid(e3ac98c7b179e7b4b937034cc51b3f1b) Importer(815301076,1909f56bfc062723c751e8b465ee728b)
Start importing Assets/Modern UI Pack/Textures/Icon/Device/Phone.png using Guid(e3ac98c7b179e7b4b937034cc51b3f1b) Importer(815301076,1909f56bfc062723c751e8b465ee728b)  -> (artifact id: 'ee8daeb56f798a636e569fd86351f6e2') in 0.017544 seconds 
========================================================================
Received Import Request.
  Time since last request: 0.000152 seconds.
  path: Assets/Modern UI Pack/Textures/Icon/Navigation/Plus.png
  artifactKey: Guid(66995b6b61aed864daa956ae255d7fee) Importer(815301076,1909f56bfc062723c751e8b465ee728b)
Start importing Assets/Modern UI Pack/Textures/Icon/Navigation/Plus.png using Guid(66995b6b61aed864daa956ae255d7fee) Importer(815301076,1909f56bfc062723c751e8b465ee728b)  -> (artifact id: '3eac91ed70bd0ab8489efb04ab46cc1b') in 0.027064 seconds 
========================================================================
Received Import Request.
  Time since last request: 0.000192 seconds.
  path: Assets/Modern UI Pack/Editor/Icons/PB Header.png
  artifactKey: Guid(fddee5c1bad0d8148a8d5dd9f95f2afb) Importer(815301076,1909f56bfc062723c751e8b465ee728b)
Start importing Assets/Modern UI Pack/Editor/Icons/PB Header.png using Guid(fddee5c1bad0d8148a8d5dd9f95f2afb) Importer(815301076,1909f56bfc062723c751e8b465ee728b)  -> (artifact id: '3bb68ef820240efd0215471d6fe680fe') in 0.023806 seconds 
========================================================================
Received Import Request.
  Time since last request: 0.000172 seconds.
  path: Assets/Modern UI Pack/Textures/Demo/Icons/Modal Window.png
  artifactKey: Guid(09ea67856d663aa4cbe647f4ffec2959) Importer(815301076,1909f56bfc062723c751e8b465ee728b)
Start importing Assets/Modern UI Pack/Textures/Demo/Icons/Modal Window.png using Guid(09ea67856d663aa4cbe647f4ffec2959) Importer(815301076,1909f56bfc062723c751e8b465ee728b)  -> (artifact id: '37cc1e476b0cd05380772f0c9f9973eb') in 0.017005 seconds 
========================================================================
Received Import Request.
  Time since last request: 0.000165 seconds.
  path: Assets/Modern UI Pack/Textures/Icon/Media/Pause.png
  artifactKey: Guid(80694812942b91b42bc4aad99071ba7e) Importer(815301076,1909f56bfc062723c751e8b465ee728b)
Start importing Assets/Modern UI Pack/Textures/Icon/Media/Pause.png using Guid(80694812942b91b42bc4aad99071ba7e) Importer(815301076,1909f56bfc062723c751e8b465ee728b)  -> (artifact id: 'c9530db48bcba16166bfb0114619fad4') in 0.020917 seconds 
========================================================================
Received Prepare
Refreshing native plugins compatible for Editor in 12.44 ms, found 4 plugins.
Preloading 0 native plugins for Editor in 0.00 ms.
Unloading 60 Unused Serialized files (Serialized files now loaded: 0)
System memory in use before: 75.3 MB.
System memory in use after: 75.4 MB.

Unloading 59 unused Assets to reduce memory usage. Loaded Objects now: 4783.
Total: 7.036800 ms (FindLiveObjects: 0.436300 ms CreateObjectMapping: 0.114300 ms MarkObjects: 6.361200 ms  DeleteObjects: 0.124000 ms)

AssetImportParameters requested are different than current active one (requested -> active):
  custom:framework-win-MediaFoundation: 216162199b28c13a410421893ffa2e32 -> 
  custom:video-decoder-ogg-theora: a1e56fd34408186e4bbccfd4996cb3dc -> 
  custom:container-muxer-webm: aa71ff27fc2769a1b78a27578f13a17b -> 
  custom:container-demuxer-webm: 4f35f7cbe854078d1ac9338744f61a02 -> 
  custom:container-demuxer-ogg: 62fdf1f143b41e24485cea50d1cbac27 -> 
  custom:video-encoder-webm-vp8: eb34c28f22e8b96e1ab97ce403110664 -> 
  custom:video-decoder-webm-vp8: 9c59270c3fd7afecdb556c50c9e8de78 -> 
  custom:audio-decoder-ogg-vorbis: bf7c407c2cedff20999df2af8eb42d56 -> 
  custom:audio-encoder-webm-vorbis: bf7c407c2cedff20999df2af8eb42d56 -> 
AssetImportWorkerClient::OnTransportError - code=2 error=End of file
